<?xml version="1.0" encoding="UTF-8"?>
<!-- Generated by org.testng.reporters.JUnitReportReporter -->
<testsuite hostname="SEVEN-BITS" failures="0" tests="1" name="com.test.testcases.LoginPageTest" time="53.070" errors="0" timestamp="2022-09-15T12:57:53 IST" skipped="0">
  <testcase classname="com.test.testcases.LoginPageTest" name="loginTest" time="53.070"/>
  <system-out/>
</testsuite> <!-- com.test.testcases.LoginPageTest -->
