<?xml version="1.0" encoding="UTF-8"?>
<!-- Generated by org.testng.reporters.JUnitReportReporter -->
<testsuite hostname="SEVEN-BITS" failures="0" tests="2" name="com.testcases.LoginPageTest" time="31.101" errors="0" timestamp="2023-02-08T14:56:26 IST" skipped="0">
  <testcase classname="com.testcases.LoginPageTest" name="forgotPwdLinkVerify" time="13.052"/>
  <system-out/>
  <testcase classname="com.testcases.LoginPageTest" name="login" time="18.049"/>
  <system-out/>
</testsuite> <!-- com.testcases.LoginPageTest -->
