<?xml version="1.0" encoding="UTF-8"?>
<!-- Generated by org.testng.reporters.JUnitReportReporter -->
<testsuite hostname="SEVEN-BITS" failures="0" tests="3" name="com.testcases.AddEmployeePageTest" time="19.450" errors="0" timestamp="2022-08-13T09:48:29 IST" skipped="0">
  <testcase classname="com.testcases.AddEmployeePageTest" name="addEmpTest" time="3.372"/>
  <system-out/>
  <testcase classname="com.testcases.AddEmployeePageTest" name="login" time="5.355"/>
  <system-out/>
  <testcase classname="com.testcases.AddEmployeePageTest" name="searchEmp" time="10.723"/>
  <system-out/>
</testsuite> <!-- com.testcases.AddEmployeePageTest -->
