<?xml version="1.0" encoding="UTF-8"?>
<!-- Generated by org.testng.reporters.JUnitReportReporter -->
<testsuite hostname="SEVEN-BITS" failures="0" tests="2" name="com.testcases.AddUserPageTest" time="19.345" errors="0" timestamp="2022-08-13T09:48:29 IST" skipped="0">
  <testcase classname="com.testcases.AddUserPageTest" name="navAddUser" time="8.621"/>
  <system-out/>
  <testcase classname="com.testcases.AddUserPageTest" name="addUser" time="10.724"/>
  <system-out/>
</testsuite> <!-- com.testcases.AddUserPageTest -->
