<?xml version="1.0" encoding="UTF-8"?>
<!-- Generated by org.testng.reporters.JUnitReportReporter -->
<testsuite hostname="SEVEN-BITS" failures="0" tests="4" name="com.luma.testcases.HomePageTest" time="24.484" errors="0" timestamp="2023-02-09T18:59:54 IST" skipped="0">
  <testcase classname="com.luma.testcases.HomePageTest" name="prodFilter" time="1.194"/>
  <system-out/>
  <testcase classname="com.luma.testcases.HomePageTest" name="homePageTest" time="4.103"/>
  <system-out/>
  <testcase classname="com.luma.testcases.HomePageTest" name="selProd" time="1.298"/>
  <system-out/>
  <testcase classname="com.luma.testcases.HomePageTest" name="selectProduct" time="17.889"/>
  <system-out/>
</testsuite> <!-- com.luma.testcases.HomePageTest -->
