<?xml version="1.0" encoding="UTF-8"?>
<!-- Generated by org.testng.reporters.JUnitReportReporter -->
<testsuite hostname="SEVEN-BITS" failures="0" tests="3" name="com.luma.testcases.LoginPageTest" time="4.299" errors="0" timestamp="2023-02-08T18:21:56 IST" skipped="0">
  <testcase classname="com.luma.testcases.LoginPageTest" name="loginTest" time="2.795"/>
  <system-out/>
  <testcase classname="com.luma.testcases.LoginPageTest" name="verifyLoginTest" time="0.080"/>
  <system-out/>
  <testcase classname="com.luma.testcases.LoginPageTest" name="navTest" time="1.424"/>
  <system-out/>
</testsuite> <!-- com.luma.testcases.LoginPageTest -->
