<?xml version="1.0" encoding="UTF-8"?>
<!-- Generated by org.testng.reporters.JUnitReportReporter -->
<testsuite hostname="SEVEN-BITS" failures="0" tests="2" name="com.luma.testcases.RegisterPageTest" time="1.496" errors="0" timestamp="2023-02-08T18:26:12 IST" skipped="0">
  <testcase classname="com.luma.testcases.RegisterPageTest" name="navTest" time="1.101"/>
  <system-out/>
  <testcase classname="com.luma.testcases.RegisterPageTest" name="fillDetailsTest" time="0.395"/>
  <system-out/>
</testsuite> <!-- com.luma.testcases.RegisterPageTest -->
