<?xml version="1.0" encoding="UTF-8"?>
<!-- Generated by org.testng.reporters.JUnitReportReporter -->
<testsuite hostname="LAPTOP-28KS5UKO" failures="0" tests="1" name="com.demo.test.ExtentReportsDemo" time="7.256" errors="0" timestamp="2022-04-01T12:16:55 IST" skipped="0">
  <testcase classname="com.demo.test.ExtentReportsDemo" name="initialDemo" time="7.256"/>
  <system-out/>
</testsuite> <!-- com.demo.test.ExtentReportsDemo -->
