<?xml version="1.0" encoding="UTF-8"?>
<!-- Generated by org.testng.reporters.JUnitReportReporter -->
<testsuite hostname="LAPTOP-28KS5UKO" failures="0" tests="5" name="com.demo.test.testOrangeHRM" time="12.583" errors="0" timestamp="2022-04-03T19:49:21 IST" skipped="1">
  <testcase classname="com.demo.test.testOrangeHRM" name="loginTest" time="5.026"/>
  <system-out/>
  <testcase classname="com.demo.test.testOrangeHRM" name="loginTest" time="1.700"/>
  <system-out/>
  <testcase classname="com.demo.test.testOrangeHRM" name="verifyLogin" time="0.063"/>
  <system-out/>
  <testcase classname="com.demo.test.testOrangeHRM" name="openBrowser" time="5.794"/>
  <system-out/>
  <testcase classname="com.demo.test.testOrangeHRM" name="addEmployee">
    <skipped/>
  </testcase> <!-- addEmployee -->
  <system-out/>
</testsuite> <!-- com.demo.test.testOrangeHRM -->
