<?xml version="1.0" encoding="UTF-8"?>
<!-- Generated by org.testng.reporters.JUnitReportReporter -->
<testsuite hostname="SEVEN-BITS" failures="0" tests="2" name="com.testcases.SearchFlightTest" time="11.523" errors="0" timestamp="2022-10-31T09:40:56 IST" skipped="0">
  <testcase classname="com.testcases.SearchFlightTest" name="search" time="0.137"/>
  <system-out/>
  <testcase classname="com.testcases.SearchFlightTest" name="searchFlight" time="11.386"/>
  <system-out/>
</testsuite> <!-- com.testcases.SearchFlightTest -->
