<?xml version="1.0" encoding="UTF-8"?>
<!-- Generated by org.testng.reporters.JUnitReportReporter -->
<testsuite hostname="SEVEN-BITS" failures="0" tests="1" name="com.testcases.SouthWestTest" time="14.687" errors="0" timestamp="2022-10-05T09:11:58 IST" skipped="0">
  <testcase classname="com.testcases.SouthWestTest" name="searchFlight" time="14.687"/>
  <system-out/>
</testsuite> <!-- com.testcases.SouthWestTest -->
