<?xml version="1.0" encoding="UTF-8"?>
<!-- Generated by org.testng.reporters.JUnitReportReporter -->
<testsuite hostname="SEVEN-BITS" failures="0" tests="1" name="demo.Test1" time="2.434" errors="0" timestamp="2023-02-12T08:42:59 IST" skipped="0">
  <testcase classname="demo.Test1" name="postDemo" time="2.434"/>
  <system-out/>
</testsuite> <!-- demo.Test1 -->
