<?xml version="1.0" encoding="UTF-8"?>
<!-- Generated by org.testng.reporters.JUnitReportReporter -->
<testsuite hostname="SEVEN-BITS" failures="0" tests="2" name="tests.FirstTest" time="2.643" errors="0" timestamp="2023-02-11T19:18:46 IST" skipped="0">
  <testcase classname="tests.FirstTest" name="test2" time="0.871"/>
  <system-out/>
  <testcase classname="tests.FirstTest" name="test1" time="1.772"/>
  <system-out/>
</testsuite> <!-- tests.FirstTest -->
