<?xml version="1.0" encoding="UTF-8"?>
<!-- Generated by org.testng.reporters.JUnitReportReporter -->
<testsuite hostname="SEVEN-BITS" failures="0" tests="1" name="tests.GetAndPostTest" time="2.942" errors="0" timestamp="2023-02-14T09:21:56 IST" skipped="0">
  <testcase classname="tests.GetAndPostTest" name="testPost" time="2.942"/>
  <system-out/>
</testsuite> <!-- tests.GetAndPostTest -->
