<?xml version="1.0" encoding="UTF-8"?>
<!-- Generated by org.testng.reporters.JUnitReportReporter -->
<testsuite hostname="SEVEN-BITS" failures="0" tests="1" name="demo.GetPostTest" time="3.448" errors="0" timestamp="2023-02-12T10:22:23 IST" skipped="0">
  <testcase classname="demo.GetPostTest" name="postTest" time="3.448"/>
  <system-out/>
</testsuite> <!-- demo.GetPostTest -->
