<?xml version="1.0" encoding="UTF-8"?>
<!-- Generated by org.testng.reporters.JUnitReportReporter -->
<testsuite hostname="SEVEN-BITS" failures="0" tests="1" name="demo.TestGetPost" time="3.333" errors="0" timestamp="2023-02-14T09:21:25 IST" skipped="0">
  <testcase classname="demo.TestGetPost" name="postTest" time="3.333"/>
  <system-out/>
</testsuite> <!-- demo.TestGetPost -->
