<?xml version="1.0" encoding="UTF-8"?>
<!-- Generated by org.testng.reporters.JUnitReportReporter -->
<testsuite hostname="SEVEN-BITS" failures="0" tests="3" name="tests.PutPatchDelete" time="3.101" errors="0" timestamp="2023-02-14T10:00:09 IST" skipped="0">
  <testcase classname="tests.PutPatchDelete" name="patchTest" time="0.646"/>
  <system-out/>
  <testcase classname="tests.PutPatchDelete" name="putTest" time="0.513"/>
  <system-out/>
  <testcase classname="tests.PutPatchDelete" name="deleteTest" time="1.942"/>
  <system-out/>
</testsuite> <!-- tests.PutPatchDelete -->
