<?xml version="1.0" encoding="UTF-8"?>
<!-- Generated by org.testng.reporters.JUnitReportReporter -->
<testsuite hostname="LAPTOP-28KS5UKO" failures="0" tests="1" name="com.bw.testcases.HomePageTest" time="20.691" errors="0" timestamp="2022-03-18T20:15:49 IST" skipped="0">
  <testcase classname="com.bw.testcases.HomePageTest" name="filterTest" time="20.691"/>
  <system-out/>
</testsuite> <!-- com.bw.testcases.HomePageTest -->
