<?xml version="1.0" encoding="UTF-8"?>
<!-- Generated by org.testng.reporters.JUnitReportReporter -->
<testsuite hostname="LAPTOP-28KS5UKO" failures="0" tests="2" name="com.vk.test.AnnotationsTest" time="0.010" errors="0" timestamp="2022-06-08T06:45:17 IST" skipped="0">
  <testcase classname="com.vk.test.AnnotationsTest" name="testMethod01" time="0.009"/>
  <system-out/>
  <testcase classname="com.vk.test.AnnotationsTest" name="testMethod02" time="0.001"/>
  <system-out/>
</testsuite> <!-- com.vk.test.AnnotationsTest -->
