<?xml version="1.0" encoding="UTF-8"?>
<!-- Generated by org.testng.reporters.JUnitReportReporter -->
<testsuite hostname="SEVEN-BITS" failures="0" tests="1" name="com.test.testcases.SearchFlightTest" time="1.814" errors="0" timestamp="2023-01-30T10:40:42 IST" skipped="0">
  <testcase classname="com.test.testcases.SearchFlightTest" name="locations" time="1.814"/>
  <system-out/>
</testsuite> <!-- com.test.testcases.SearchFlightTest -->
