<?xml version="1.0" encoding="UTF-8"?>
<!-- Generated by org.testng.reporters.JUnitReportReporter -->
<testsuite hostname="SEVEN-BITS" failures="0" tests="5" name="com.test.testcases.SearchTrainTest" time="4.453" errors="0" timestamp="2023-01-19T16:14:16 IST" skipped="0">
  <testcase classname="com.test.testcases.SearchTrainTest" name="selectDate" time="0.557"/>
  <system-out/>
  <testcase classname="com.test.testcases.SearchTrainTest" name="selectChkBox" time="0.193"/>
  <system-out/>
  <testcase classname="com.test.testcases.SearchTrainTest" name="getTrainCount" time="0.647"/>
  <system-out/>
  <testcase classname="com.test.testcases.SearchTrainTest" name="selectClass" time="0.489"/>
  <system-out/>
  <testcase classname="com.test.testcases.SearchTrainTest" name="selectLocation" time="2.567"/>
  <system-out/>
</testsuite> <!-- com.test.testcases.SearchTrainTest -->
