<?xml version="1.0" encoding="UTF-8"?>
<!-- Generated by org.testng.reporters.JUnitReportReporter -->
<testsuite hostname="LAPTOP-28KS5UKO" failures="0" tests="1" name="com.qa.testcases.TestRegisterPage" time="0.221" errors="0" timestamp="2022-06-16T08:26:58 IST" skipped="0">
  <testcase classname="com.qa.testcases.TestRegisterPage" name="regUser" time="0.221"/>
  <system-out/>
</testsuite> <!-- com.qa.testcases.TestRegisterPage -->
